
2015-03-20 11:37:18...installerHook: Could not find custom/install/install_hooks.php
2015-03-20 11:37:21...installerHook: Could not find custom/install/install_hooks.php
2015-03-20 11:37:26...installerHook: Could not find custom/install/install_hooks.php
2015-03-20 11:37:30...Begin System Check Process *************
2015-03-20 11:37:30...XML Parsing Support Found
2015-03-20 11:37:30...MBString Support Found
2015-03-20 11:37:30...ZIP Support Found
2015-03-20 11:37:30.../custom directory and subdirectory check passed
2015-03-20 11:37:30...cache directory and subdirectory check passed
2015-03-20 11:37:31.../module  directory and subdirectory check passed
2015-03-20 11:37:31.../upload directory check passed
2015-03-20 11:37:31.../zip check passed
2015-03-20 11:37:31...PCRE version check passed
2015-03-20 11:37:31...installerHook: Could not find custom/install/install_hooks.php
2015-03-20 11:37:31...php.ini location found. C:\xampp\php\php.ini
2015-03-20 11:37:31...Outputting HTML for System check
2015-03-20 11:37:31...No Errors were found *************
2015-03-20 11:37:33...installerHook: Could not find custom/install/install_hooks.php
2015-03-20 11:37:38...installerHook: Could not find custom/install/install_hooks.php
2015-03-20 11:37:40...installerHook: Could not find custom/install/install_hooks.php
2015-03-20 11:37:50...Begin DB Check Process *************
2015-03-20 11:37:50...testing with mysql:mysqli
2015-03-20 11:37:50...Basic form info is valid, continuing Process.
2015-03-20 11:37:50...Testing user account...
2015-03-20 11:37:50...Connection made using  host: 127.0.0.1, usr: root
2015-03-20 11:37:50...Testing priviliged account...
2015-03-20 11:37:50...Connection made using  host: 127.0.0.1, usr: root
2015-03-20 11:37:50...DB not selected, will create sugarcrm_egr
2015-03-20 11:37:50...Passed DB install check
2015-03-20 11:37:50...SUCCESS:: no errors detected!
2015-03-20 11:37:50...End DB Check Process *************
2015-03-20 11:37:50...installerHook: Could not find custom/install/install_hooks.php
2015-03-20 11:38:09...installerHook: Could not find custom/install/install_hooks.php
2015-03-20 11:38:22...installerHook: Could not find custom/install/install_hooks.php
2015-03-20 11:38:26...installerHook: Could not find custom/install/install_hooks.php
2015-03-20 11:38:26...calling handleSugarConfig()
2015-03-20 11:38:26...calling handleLog4Php()
2015-03-20 11:38:26...calling handleHtaccess()
2015-03-20 11:38:26...calling handleDbCreateDatabase()
2015-03-20 11:38:26...looping through all the Beans and create their tables
2015-03-20 11:38:26...processing table acl_actions
2015-03-20 11:38:26...creating table acl_actions
2015-03-20 11:38:26...creating Relationship Meta for ACLAction
2015-03-20 11:38:26...processing table acl_roles
2015-03-20 11:38:26...creating table acl_roles
2015-03-20 11:38:26...creating Relationship Meta for ACLRole
2015-03-20 11:38:26...processing table relationships
2015-03-20 11:38:26...creating table relationships
2015-03-20 11:38:26...creating Relationship Meta for Relationship
2015-03-20 11:38:26...processing table leads
2015-03-20 11:38:26...creating table leads
2015-03-20 11:38:26...creating Relationship Meta for Lead
2015-03-20 11:38:26...processing table cases
2015-03-20 11:38:27...creating table cases
2015-03-20 11:38:27...creating Relationship Meta for Case
2015-03-20 11:38:27...processing table bugs
2015-03-20 11:38:27...creating table bugs
2015-03-20 11:38:27...creating Relationship Meta for Bug
2015-03-20 11:38:27...processing table users
2015-03-20 11:38:27...creating table users
2015-03-20 11:38:27...creating Relationship Meta for User
2015-03-20 11:38:27...processing table campaign_log
2015-03-20 11:38:27...creating table campaign_log
2015-03-20 11:38:27...creating Relationship Meta for CampaignLog
2015-03-20 11:38:27...processing table project
2015-03-20 11:38:27...creating table project
2015-03-20 11:38:27...creating Relationship Meta for Project
2015-03-20 11:38:27...processing table project_task
2015-03-20 11:38:27...creating table project_task
2015-03-20 11:38:27...creating Relationship Meta for ProjectTask
2015-03-20 11:38:27...processing table campaigns
2015-03-20 11:38:27...creating table campaigns
2015-03-20 11:38:27...creating Relationship Meta for Campaign
2015-03-20 11:38:27...processing table prospect_lists
2015-03-20 11:38:27...creating table prospect_lists
2015-03-20 11:38:27...creating Relationship Meta for ProspectList
2015-03-20 11:38:27...processing table prospects
2015-03-20 11:38:27...creating table prospects
2015-03-20 11:38:27...creating Relationship Meta for Prospect
2015-03-20 11:38:27...processing table email_marketing
2015-03-20 11:38:27...creating table email_marketing
2015-03-20 11:38:27...creating Relationship Meta for EmailMarketing
2015-03-20 11:38:27...processing table campaign_trkrs
2015-03-20 11:38:27...creating table campaign_trkrs
2015-03-20 11:38:27...creating Relationship Meta for CampaignTracker
2015-03-20 11:38:27...processing table releases
2015-03-20 11:38:27...creating table releases
2015-03-20 11:38:27...creating Relationship Meta for Release
2015-03-20 11:38:27...processing table emailman
2015-03-20 11:38:27...creating table emailman
2015-03-20 11:38:27...creating Relationship Meta for EmailMan
2015-03-20 11:38:27...processing table schedulers
2015-03-20 11:38:27...creating table schedulers
2015-03-20 11:38:27...creating Relationship Meta for Scheduler
2015-03-20 11:38:27...processing table job_queue
2015-03-20 11:38:27...creating table job_queue
2015-03-20 11:38:27...creating Relationship Meta for SchedulersJob
2015-03-20 11:38:27...processing table contacts
2015-03-20 11:38:27...creating table contacts
2015-03-20 11:38:27...creating Relationship Meta for Contact
2015-03-20 11:38:27...processing table accounts
2015-03-20 11:38:27...creating table accounts
2015-03-20 11:38:27...creating Relationship Meta for Account
2015-03-20 11:38:27...processing table opportunities
2015-03-20 11:38:28...creating table opportunities
2015-03-20 11:38:28...creating Relationship Meta for Opportunity
2015-03-20 11:38:28...processing table email_templates
2015-03-20 11:38:28...creating table email_templates
2015-03-20 11:38:28...creating Relationship Meta for EmailTemplate
2015-03-20 11:38:28...processing table notes
2015-03-20 11:38:28...creating table notes
2015-03-20 11:38:28...creating Relationship Meta for Note
2015-03-20 11:38:28...processing table calls
2015-03-20 11:38:28...creating table calls
2015-03-20 11:38:28...creating Relationship Meta for Call
2015-03-20 11:38:28...processing table emails
2015-03-20 11:38:28...creating table emails
2015-03-20 11:38:28...creating Relationship Meta for Email
2015-03-20 11:38:28...processing table meetings
2015-03-20 11:38:28...creating table meetings
2015-03-20 11:38:28...creating Relationship Meta for Meeting
2015-03-20 11:38:28...processing table tasks
2015-03-20 11:38:28...creating table tasks
2015-03-20 11:38:28...creating Relationship Meta for Task
2015-03-20 11:38:28...processing table users
2015-03-20 11:38:28...processing table users
2015-03-20 11:38:28...processing table currencies
2015-03-20 11:38:28...creating table currencies
2015-03-20 11:38:28...creating Relationship Meta for Currency
2015-03-20 11:38:28...processing table tracker
2015-03-20 11:38:28...creating table tracker
2015-03-20 11:38:28...creating Relationship Meta for Tracker
2015-03-20 11:38:28...processing table import_maps
2015-03-20 11:38:28...creating table import_maps
2015-03-20 11:38:28...creating Relationship Meta for ImportMap
2015-03-20 11:38:28...processing table users_last_import
2015-03-20 11:38:28...creating table users_last_import
2015-03-20 11:38:28...creating Relationship Meta for UsersLastImport
2015-03-20 11:38:28...processing table config
2015-03-20 11:38:28...creating table config
2015-03-20 11:38:28...creating Relationship Meta for Administration
2015-03-20 11:38:28...processing table upgrade_history
2015-03-20 11:38:28...creating table upgrade_history
2015-03-20 11:38:28...creating Relationship Meta for UpgradeHistory
2015-03-20 11:38:28...processing table vcals
2015-03-20 11:38:28...creating table vcals
2015-03-20 11:38:28...creating Relationship Meta for vCal
2015-03-20 11:38:28...processing table versions
2015-03-20 11:38:28...creating table versions
2015-03-20 11:38:28...creating Relationship Meta for Version
2015-03-20 11:38:28...processing table roles
2015-03-20 11:38:28...creating table roles
2015-03-20 11:38:28...creating Relationship Meta for Role
2015-03-20 11:38:28...processing table documents
2015-03-20 11:38:28...creating table documents
2015-03-20 11:38:28...creating Relationship Meta for Document
2015-03-20 11:38:28...processing table document_revisions
2015-03-20 11:38:28...creating table document_revisions
2015-03-20 11:38:28...creating Relationship Meta for DocumentRevision
2015-03-20 11:38:28...processing table fields_meta_data
2015-03-20 11:38:28...creating table fields_meta_data
2015-03-20 11:38:28...creating Relationship Meta for FieldsMetaData
2015-03-20 11:38:28...processing table inbound_email
2015-03-20 11:38:28...creating table inbound_email
2015-03-20 11:38:28...creating Relationship Meta for InboundEmail
2015-03-20 11:38:28...processing table saved_search
2015-03-20 11:38:28...creating table saved_search
2015-03-20 11:38:28...creating Relationship Meta for SavedSearch
2015-03-20 11:38:28...processing table user_preferences
2015-03-20 11:38:28...creating table user_preferences
2015-03-20 11:38:28...creating Relationship Meta for UserPreference
2015-03-20 11:38:28...processing table 
2015-03-20 11:38:28...processing table email_addresses
2015-03-20 11:38:28...creating table email_addresses
2015-03-20 11:38:28...creating Relationship Meta for EmailAddress
2015-03-20 11:38:28...processing table emails_text
2015-03-20 11:38:28...creating table emails_text
2015-03-20 11:38:28...creating Relationship Meta for EmailText
2015-03-20 11:38:28...processing table sugarfeed
2015-03-20 11:38:28...creating table sugarfeed
2015-03-20 11:38:28...creating Relationship Meta for SugarFeed
2015-03-20 11:38:29...processing table eapm
2015-03-20 11:38:29...creating table eapm
2015-03-20 11:38:29...creating Relationship Meta for EAPM
2015-03-20 11:38:29...processing table oauth_consumer
2015-03-20 11:38:29...creating table oauth_consumer
2015-03-20 11:38:29...creating Relationship Meta for OAuthKey
2015-03-20 11:38:29...processing table oauth_tokens
2015-03-20 11:38:29...creating table oauth_tokens
2015-03-20 11:38:29...creating Relationship Meta for OAuthToken
2015-03-20 11:38:29...Begin creating Defaults
2015-03-20 11:38:29...insert defaults into config table
2015-03-20 11:38:29...Creating default users
2015-03-20 11:38:29...Creating default scheduler jobs
2015-03-20 11:38:29...Enable SugarFeeds
2015-03-20 11:38:29...Enable InsideView Connector
2015-03-20 11:38:29...Creating FTS logic hook
2015-03-20 11:38:29...populating the db with seed data
2015-03-20 11:38:29...Installation has completed *********
2015-03-20 11:38:34...installerHook: Could not find custom/install/install_hooks.php
2015-03-20 11:45:42...installerHook: Could not find custom/install/install_hooks.php
2015-03-20 11:46:04...installerHook: Could not find custom/install/install_hooks.php
2015-03-20 11:46:13...installerHook: Could not find custom/install/install_hooks.php