03/28/15 18:35:08 [10572][1][FATAL] 1970-01-01
03/28/15 18:35:08 [10572][1][ERROR] Unable to load custom logic file: include/SugarSearchEngine/SugarSearchEngineQueueManager.php
03/28/15 18:35:08 [10572][1][ERROR] Unable to load custom logic file: include/SugarSearchEngine/SugarSearchEngineQueueManager.php
03/28/15 18:35:08 [10572][1][ERROR] Unable to load related bean by id
03/28/15 18:35:09 [10572][1][ERROR] Unable to load custom logic file: include/SugarSearchEngine/SugarSearchEngineQueueManager.php
03/28/15 18:36:42 [10572][1][FATAL] 1970-01-01
03/28/15 18:36:42 [10572][1][ERROR] Unable to load custom logic file: include/SugarSearchEngine/SugarSearchEngineQueueManager.php
03/28/15 18:36:42 [10572][1][ERROR] Unable to load custom logic file: include/SugarSearchEngine/SugarSearchEngineQueueManager.php
03/28/15 18:37:12 [10572][1][ERROR] Unable to load related bean by id
03/28/15 18:39:59 [10572][1][ERROR] Unable to load custom logic file: include/SugarSearchEngine/SugarSearchEngineQueueManager.php
03/28/15 18:50:23 [10572][1][FATAL] 2017-03-28
03/28/15 18:50:23 [10572][1][ERROR] Unable to load custom logic file: include/SugarSearchEngine/SugarSearchEngineQueueManager.php
03/28/15 18:50:23 [10572][1][ERROR] Unable to load custom logic file: include/SugarSearchEngine/SugarSearchEngineQueueManager.php
03/28/15 18:50:23 [10572][1][ERROR] Unable to load related bean by id
03/28/15 18:50:24 [10572][1][ERROR] Unable to load custom logic file: include/SugarSearchEngine/SugarSearchEngineQueueManager.php
03/28/15 18:50:41 [10572][1][FATAL] 2016-03-28
03/28/15 18:50:41 [10572][1][ERROR] Unable to load custom logic file: include/SugarSearchEngine/SugarSearchEngineQueueManager.php
03/28/15 18:50:41 [10572][1][ERROR] Unable to load custom logic file: include/SugarSearchEngine/SugarSearchEngineQueueManager.php
03/28/15 18:50:41 [10572][1][ERROR] Unable to load related bean by id
03/28/15 18:50:41 [10572][1][ERROR] Unable to load custom logic file: include/SugarSearchEngine/SugarSearchEngineQueueManager.php
03/28/15 19:07:31 [10572][1][FATAL] Error updating table: trsubscribers: Query Failed: UPDATE trsubscribers
					SET name=NULL,date_modified='2015-03-28 18:07:30',modified_user_id='1',created_by='1',description='test',assigned_user_id='1',msisdn='069912335941',lead_source='Employee',salutation='Hr.',first_name='MArkus',last_name='Biacisc',customer_pwd='1234',customer_id=NULL,suberscriber_id=NULL,subscriber_source='subscriberSource',activation_date='2015-03-28',contract_binding_date='2017-03-28',contract_binding='24',count_gsm=NULL,last_call_date='2015-03-28',last_call_response='Held',subscriber_tarif=NULL,do_not_call=1,email_address='test@test.at',primary_address_street='Strasse',primary_address_city='Stadt',primary_address_state='Bundesland',primary_address_postalcode='2542',primary_address_country='Österreich',alt_address_street='Strasse',alt_address_city='Stadt',alt_address_state='Bundesland',alt_address_postalcode='2542',alt_address_country='Österreich',contact_id='',account_id='7fb553a1-03e7-5f19-38d2-5513d39286a8'
					 WHERE  trsubscribers.id = '56d00734-5809-66eb-5345-5515966e1f94' AND deleted=0: MySQL error 1054: Unknown column 'contract_binding' in 'field list'
03/28/15 19:07:52 [10572][1][ERROR] Unable to load custom logic file: include/SugarSearchEngine/SugarSearchEngineQueueManager.php
03/28/15 19:08:08 [10572][1][ERROR] Unable to load custom logic file: include/SugarSearchEngine/SugarSearchEngineQueueManager.php
03/28/15 19:08:25 [10572][1][ERROR] Unable to load custom logic file: include/SugarSearchEngine/SugarSearchEngineQueueManager.php
03/28/15 19:08:54 [10572][1][ERROR] Unable to load custom logic file: include/SugarSearchEngine/SugarSearchEngineQueueManager.php
03/28/15 19:08:54 [10572][1][ERROR] Unable to load custom logic file: include/SugarSearchEngine/SugarSearchEngineQueueManager.php
03/28/15 19:08:54 [10572][1][ERROR] Unable to load related bean by id
03/28/15 19:08:55 [10572][1][ERROR] Unable to load custom logic file: include/SugarSearchEngine/SugarSearchEngineQueueManager.php
03/28/15 19:09:07 [10572][1][ERROR] Unable to load custom logic file: include/SugarSearchEngine/SugarSearchEngineQueueManager.php
03/28/15 19:09:07 [10572][1][ERROR] Unable to load custom logic file: include/SugarSearchEngine/SugarSearchEngineQueueManager.php
03/28/15 19:09:07 [10572][1][ERROR] Unable to load related bean by id
03/28/15 19:09:08 [10572][1][ERROR] Unable to load custom logic file: include/SugarSearchEngine/SugarSearchEngineQueueManager.php
03/31/15 10:52:06 [10572][1][ERROR] Unable to load custom logic file: include/SugarSearchEngine/SugarSearchEngineQueueManager.php
